#! /usr/local/bin/vvp
:ivl_version "12.0 (stable)";
:ivl_delay_selection "TYPICAL";
:vpi_time_precision + 0;
:vpi_module "/usr/local/lib/ivl/system.vpi";
:vpi_module "/usr/local/lib/ivl/vhdl_sys.vpi";
:vpi_module "/usr/local/lib/ivl/vhdl_textio.vpi";
:vpi_module "/usr/local/lib/ivl/v2005_math.vpi";
:vpi_module "/usr/local/lib/ivl/va_math.vpi";
:vpi_module "/usr/local/lib/ivl/v2009.vpi";
S_0x3701af30 .scope package, "$unit" "$unit" 2 1;
 .timescale 0 0;
S_0x3701b0c0 .scope module, "half_adder_tb" "half_adder_tb" 3 1;
 .timescale 0 0;
v0x3702e200_0 .var "a", 0 0;
v0x3702e2c0_0 .var "b", 0 0;
v0x3702e390_0 .net "carry", 0 0, L_0x3702e6c0;  1 drivers
v0x3702e490_0 .net "sum", 0 0, L_0x3702e560;  1 drivers
S_0x36ff6580 .scope module, "g1" "half_adder" 3 4, 4 1 0, S_0x3701b0c0;
 .timescale 0 0;
    .port_info 0 /INPUT 1 "a";
    .port_info 1 /INPUT 1 "b";
    .port_info 2 /OUTPUT 1 "sum";
    .port_info 3 /OUTPUT 1 "carry";
L_0x3702e560 .functor XOR 1, v0x3702e200_0, v0x3702e2c0_0, C4<0>, C4<0>;
L_0x3702e6c0 .functor AND 1, v0x3702e200_0, v0x3702e2c0_0, C4<1>, C4<1>;
v0x3701b4e0_0 .net "a", 0 0, v0x3702e200_0;  1 drivers
v0x3702df00_0 .net "b", 0 0, v0x3702e2c0_0;  1 drivers
v0x3702dfc0_0 .net "carry", 0 0, L_0x3702e6c0;  alias, 1 drivers
v0x3702e090_0 .net "sum", 0 0, L_0x3702e560;  alias, 1 drivers
    .scope S_0x3701b0c0;
T_0 ;
    %pushi/vec4 0, 0, 1;
    %store/vec4 v0x3702e200_0, 0, 1;
    %pushi/vec4 0, 0, 1;
    %store/vec4 v0x3702e2c0_0, 0, 1;
    %delay 10, 0;
    %pushi/vec4 0, 0, 1;
    %store/vec4 v0x3702e200_0, 0, 1;
    %pushi/vec4 1, 0, 1;
    %store/vec4 v0x3702e2c0_0, 0, 1;
    %delay 10, 0;
    %pushi/vec4 1, 0, 1;
    %store/vec4 v0x3702e200_0, 0, 1;
    %pushi/vec4 0, 0, 1;
    %store/vec4 v0x3702e2c0_0, 0, 1;
    %delay 10, 0;
    %pushi/vec4 1, 0, 1;
    %store/vec4 v0x3702e200_0, 0, 1;
    %pushi/vec4 1, 0, 1;
    %store/vec4 v0x3702e2c0_0, 0, 1;
    %end;
    .thread T_0;
    .scope S_0x3701b0c0;
T_1 ;
    %vpi_call/w 3 21 "$monitor", "t=%0t,a=%0b,b=%0b,sum=%0b,carry=%0b", $time, v0x3702e200_0, v0x3702e2c0_0, v0x3702e490_0, v0x3702e390_0 {0 0 0};
    %vpi_call/w 3 22 "$dumpfile", "half_a.vcd" {0 0 0};
    %vpi_call/w 3 23 "$dumpvars", 32'sb00000000000000000000000000000001 {0 0 0};
    %end;
    .thread T_1;
# The file index is used to find the file name in the following table.
:file_names 5;
    "N/A";
    "<interactive>";
    "-";
    "testbench.sv";
    "design.sv";
